= Host-specific information ====================================================
$> hostname; uname -msr
e1z1r8p20.42.us.org
Darwin 17.5.0 x86_64
$> date
Sun Sep  1 17:07:22 PDT 2019
$> gcc --version
Configured with: --prefix=/Library/Developer/CommandLineTools/usr --with-gxx-include-dir=/usr/include/c++/4.2.1
Apple LLVM version 9.1.0 (clang-902.0.39.1)
Target: x86_64-apple-darwin17.5.0
Thread model: posix
InstalledDir: /Library/Developer/CommandLineTools/usr/bin
$> clang --version
Apple LLVM version 9.1.0 (clang-902.0.39.1)
Target: x86_64-apple-darwin17.5.0
Thread model: posix
InstalledDir: /Library/Developer/CommandLineTools/usr/bin

= User files collection ========================================================
Collecting user files from Vogsphere
Repository URL: auto-exam/2019/c-exam-alone-in-the-dark-beginner/practice-exam_20190901/evjohnst11

= Git history ==================================================================
$> git -C /var/folders/p3/tv7t3z9d75zbjsnbbyddwsk40000gp/T/tmpY3DlY8/user log --pretty='%H - %an, %ad : %s'
0c759d17aaee646048c3b3a90688d92c7d11ff43 - Evan Johnston, Sun Sep 1 17:05:31 2019 -0700 : .
11ecde0d03dfdd74f9304d293d047596e6ce2438 - Evan Johnston, Sun Sep 1 16:59:25 2019 -0700 : .
79233f071847472f8306c2e27d1a54ba41447c4b - Evan Johnston, Sun Sep 1 16:49:11 2019 -0700 : .
ae196939559aff2bd6a14e27d91eeac8aab53a3e - Evan Johnston, Sun Sep 1 16:49:09 2019 -0700 : .
9053e95ea4acec8ced8cde0d19ebe519325ecd5f - Evan Johnston, Sun Sep 1 16:47:02 2019 -0700 : .
 
= Collected files ==========================================
$> ls -lAR /var/folders/p3/tv7t3z9d75zbjsnbbyddwsk40000gp/T/tmpY3DlY8/user
total 8
-rw-r--r--  1 deepthought  deepthought  1096 Sep  1 17:07 __GIT_HISTORY
drwxr-xr-x  3 deepthought  deepthought   102 Sep  1 17:07 camel_to_snake
drwxr-xr-x  3 deepthought  deepthought   102 Sep  1 17:07 first_word
drwxr-xr-x  3 deepthought  deepthought   102 Sep  1 17:07 hello

/var/folders/p3/tv7t3z9d75zbjsnbbyddwsk40000gp/T/tmpY3DlY8/user/camel_to_snake:
total 8
-rw-r--r--  1 deepthought  deepthought  353 Sep  1 17:07 camel_to_snake.c

/var/folders/p3/tv7t3z9d75zbjsnbbyddwsk40000gp/T/tmpY3DlY8/user/first_word:
total 8
-rw-r--r--  1 deepthought  deepthought  329 Sep  1 17:07 first_word.c

/var/folders/p3/tv7t3z9d75zbjsnbbyddwsk40000gp/T/tmpY3DlY8/user/hello:
total 8
-rw-r--r--  1 deepthought  deepthought  118 Sep  1 17:07 hello.c
 
= camel_to_snake ===============================================================
$> gcc -Wextra -Wall -Werror camel_to_snake.c -o user_exe 

= Test 1 ===================================================
$> ./4evtjpmrlek59qg3s8alus63 ""
$> diff -U 3 user_output_test1 test1.output | cat -e

Diff OK :D
= Test 2 ===================================================
$> ./of27zw8jbcqjtlf9ytbht0ji lzefcxQpykbmwfavFhwsjdtrQwrdyimhkuzbsTlvqhyfrajxsTdgslcvazyihbfkKinpmbzcKfirnZxtrhMtznjgesyrWfvbSirpudfCvdxsnrygbmwefSjcl
$> diff -U 3 user_output_test2 test2.output | cat -e

Diff OK :D
= Test 3 ===================================================
$> ./irvat5vnu36wvlhlxrdyp87l olcyvkudnpeFckdiFrcWrkczxpjAepgslThnmqprawcyvseBcpsnJhyusikbdtnxUilfrpzoaePdlaghwoyzmuQfsdylcoz
$> diff -U 3 user_output_test3 test3.output | cat -e

Diff OK :D
= Test 4 ===================================================
$> ./209oijn70v03qv0xn00oblys ymsdlowbSxqabuZejxogtwsulfVmgwbznrfiJyfkuvbhargczndDrbkpqlygavzxiPexokluqgbswvznafTqaFgntaFahmpzcvstxunijVizhnftUcsvbwjlatpiOnwvmpeqUydbkvejrioscLdwnOdylfJuvofzxekl
$> diff -U 3 user_output_test4 test4.output | cat -e

Diff OK :D
= Test 5 ===================================================
$> ./oer1owpsr7qugaawrkady2p4 umwdltyvjWyszjifohnexdrlmJdluhQrptdwhgvucyszjNkdxypgbaulPnxfqiubwkslomYukjfnzdrsabvmelZmvwqtsbAtyIcfmvkqojsrFbhuoMcjtwhDzklPfwkziBqjkOuxjae
$> diff -U 3 user_output_test5 test5.output | cat -e

Diff OK :D
= Test 6 ===================================================
$> ./9wft2otl7ywwmlo972a7lkxn uymtpoxadhlzHloydibxuzwjRijacntBfjclsukgdGocxdkafnzsrjbvQtvnauhpdlgEamgvsfylbTkwPvohlmjudeygcPxtrynMpjwrtckyheovXtmyjefsduaJdyzkmuatiWdjzirukytancmoqFvtlnuQyfxerwsFbtsvwe
$> diff -U 3 user_output_test6 test6.output | cat -e

Diff OK :D
= Test 7 ===================================================
$> ./8t3otk5jmh4ubmrfl950v6x1 hzpuoPzcainhjmkedwqtvUempirgczdnjoqUhxvqzkflwQlausfyhztocdbemxZwrompxsdyIvpumecyonMixkypfdrqszouj
$> diff -U 3 user_output_test7 test7.output | cat -e

Diff OK :D
= Test 8 ===================================================
$> ./5i5p2chu53hun4iywgvftvy2 ufokaDcugsziaPahclsknIwurHsnoclqgxrkfumwetCohakeBrheFswaibnhozqjpgVshfmbugaqnirtjYdbakwiTqzGjulkhdtyzscnrfSoavBzrwxucqkpoDbgalynphGptDznikmoSpdtunlfaogi
$> diff -U 3 user_output_test8 test8.output | cat -e

Diff OK :D
= Test 9 ===================================================
$> ./cnhslxcy0kuqrdhl9tupy8b1 fglwdrsnytajxzobcDpahuklgisJurkPobsfzxigtmhYjxwibvsrzcfCxkg
$> diff -U 3 user_output_test9 test9.output | cat -e

Diff OK :D
= Test 10 ==================================================
$> ./jaxudbfzmje2oa5awwnfwq3t usqejrgfyMzetnpLqvetawjzrGrknzpbmdcxhwMkixfostyplncbGywFyxdwombkuanFrsvwFzsextBhkazvteouwpcWvfhmjzbaxlkqIqwaxlupystzkVnxqjhut
$> diff -U 3 user_output_test10 test10.output | cat -e

Diff OK :D
Grade: 1

= Final grade: 1 ===============================================================
