= Host-specific information ====================================================
$> hostname; uname -msr
e1z2r8p2.42.us.org
Darwin 17.4.0 x86_64
$> date
Mon Sep  2 11:17:42 PDT 2019
$> gcc --version
Configured with: --prefix=/Library/Developer/CommandLineTools/usr --with-gxx-include-dir=/usr/include/c++/4.2.1
Apple LLVM version 9.0.0 (clang-900.0.39.2)
Target: x86_64-apple-darwin17.4.0
Thread model: posix
InstalledDir: /Library/Developer/CommandLineTools/usr/bin
$> clang --version
Apple LLVM version 9.0.0 (clang-900.0.39.2)
Target: x86_64-apple-darwin17.4.0
Thread model: posix
InstalledDir: /Library/Developer/CommandLineTools/usr/bin

= User files collection ========================================================
Collecting user files from Vogsphere
Repository URL: auto-exam/2019/c-exam-alone-in-the-dark-beginner/practice-exam_20190902/evjohnst10

= Git history ==================================================================
$> git -C /var/folders/q0/k7r2prgs09s346qjw5lk5zxc0000gp/T/tmpqSeLop/user log --pretty='%H - %an, %ad : %s'
febc3c00231c51793ee345cca7982a4848009c70 - Evan Johnston, Mon Sep 2 11:15:52 2019 -0700 : .
bbdec39ee0ef13b2dfe8415f6e0b857e1320c613 - Evan Johnston, Mon Sep 2 11:15:50 2019 -0700 : .
ecc21a04484e4bf365d8fa814c00e11446bfb8f1 - Evan Johnston, Mon Sep 2 11:13:50 2019 -0700 : .
123d5825b1ef16cc74fb994dc33f7bbcf1d84f13 - Evan Johnston, Mon Sep 2 11:13:49 2019 -0700 : .
cd5a8cd8b7d9469b1881b0e25a76aaa5c2229c0d - Evan Johnston, Mon Sep 2 11:13:37 2019 -0700 : .
 
= Collected files ==========================================
$> ls -lAR /var/folders/q0/k7r2prgs09s346qjw5lk5zxc0000gp/T/tmpqSeLop/user
total 8
-rw-r--r--  1 deepthought  deepthought  1077 Sep  2 11:17 __GIT_HISTORY
drwxr-xr-x  3 deepthought  deepthought   102 Sep  2 11:17 ft_strpbrk
drwxr-xr-x  3 deepthought  deepthought   102 Sep  2 11:17 ft_swap
drwxr-xr-x  3 deepthought  deepthought   102 Sep  2 11:17 only_z

/var/folders/q0/k7r2prgs09s346qjw5lk5zxc0000gp/T/tmpqSeLop/user/ft_strpbrk:
total 8
-rw-r--r--  1 deepthought  deepthought  755 Sep  2 11:17 ft_strpbrk.c

/var/folders/q0/k7r2prgs09s346qjw5lk5zxc0000gp/T/tmpqSeLop/user/ft_swap:
total 8
-rw-r--r--  1 deepthought  deepthought  103 Sep  2 11:17 ft_swap.c

/var/folders/q0/k7r2prgs09s346qjw5lk5zxc0000gp/T/tmpqSeLop/user/only_z:
total 8
-rw-r--r--  1 deepthought  deepthought  104 Sep  2 11:17 only_z.c
 
= ft_strpbrk ===================================================================
$> gcc -Wextra -Wall -Werror main.c ft_strpbrk.c -o user_exe 

= Test 1 ===================================================
$> ./2k355ifbfs1lw84f0mcgdkrq 'chat' 'chien'
$> diff -U 3 user_output_test1 test1.output | cat -e

Diff OK :D
= Test 2 ===================================================
$> ./qua9iucdd2snkz80kll7n8pc 'ABCDEFG019874' 'ABCD'
$> diff -U 3 user_output_test2 test2.output | cat -e

Diff OK :D
= Test 3 ===================================================
$> ./gg44bzfh3cgy381sveowz6py ' ' '1234567890'
$> diff -U 3 user_output_test3 test3.output | cat -e

Diff OK :D
= Test 4 ===================================================
$> ./7y0436656uj3223u1mhmzhi1 '1234567890' ' '
$> diff -U 3 user_output_test4 test4.output | cat -e

Diff OK :D
= Test 5 ===================================================
$> ./q60yd8hbo1lh6bdcm5m1c8sn ';fjhbsdnc xwpusgrhbs' 'opsiyhgvdzbnciox'
$> diff -U 3 user_output_test5 test5.output | cat -e

Diff OK :D
= Test 6 ===================================================
$> ./xk8ihvf873gq130zwmypgxvl '0987654321' '1234567890'
$> diff -U 3 user_output_test6 test6.output | cat -e

Diff OK :D
= Test 7 ===================================================
$> ./1ddajqhb1no5nmw4vbutcal8 '/bin/ls/' '/bien/ls/~'
$> diff -U 3 user_output_test7 test7.output | cat -e

Diff OK :D
= Test 8 ===================================================
$> ./n3whyak8sgmi8xql9jtxt4en '~`,./<>?!@#$%^&*()-+_{}[]|\' 'abcdefghijklmnopqrstuvzxyz'
$> diff -U 3 user_output_test8 test8.output | cat -e

Diff OK :D
= Test 9 ===================================================
$> ./3vxkt3q0leh42cbjosq6bg3t 'Farenheit' 'Degree'
$> diff -U 3 user_output_test9 test9.output | cat -e

Diff OK :D
= Test 10 ==================================================
$> ./moc3kzqiexcbjxu6jkuapawu 'Et quoniam inedia gravi adflictabantur, locum petivere Paleas nomine, vergentem in mare, valido muro firmatum, ubi conduntur nunc usque commeatus distribui militibus omne latus Isauriae defendentibus adsueti. circumstetere igitur hoc munimentum per triduum et trinoctium et cum neque adclivitas ipsa sine discrimine adiri letali, nec cuniculis quicquam geri posset, nec procederet ullum obsidionale commentum, maesti excedunt postrema vi subigente maiora viribus adgressuri.' 'Et quoniam inedia gravi adflictabantur, locum petivere Paleas nomine, vergentem in mare, valido muro firmatum, ubi conduntur nunc usque commeatus distribui militibus omne latus Isauriae defendentibus adsueti. circumstetere igitur hoc munimentum per triduum et trinoctium et cum neque adclivitas ipsa sine discrimine adiri letali, nec cuniculis quicquam geri posset, nec procederet ullum obsidionale commentum, maesti excedunt postrema vi subigente maiora viribus adgressuri.'
$> diff -U 3 user_output_test10 test10.output | cat -e

Diff OK :D
Grade: 1

= Final grade: 1 ===============================================================
