= Host-specific information ====================================================
$> hostname; uname -msr
e1z2r5p24.42.us.org
Darwin 17.4.0 x86_64
$> date
Sun Sep  1 18:51:57 PDT 2019
$> gcc --version
Configured with: --prefix=/Library/Developer/CommandLineTools/usr --with-gxx-include-dir=/usr/include/c++/4.2.1
Apple LLVM version 9.0.0 (clang-900.0.39.2)
Target: x86_64-apple-darwin17.4.0
Thread model: posix
InstalledDir: /Library/Developer/CommandLineTools/usr/bin
$> clang --version
Apple LLVM version 9.0.0 (clang-900.0.39.2)
Target: x86_64-apple-darwin17.4.0
Thread model: posix
InstalledDir: /Library/Developer/CommandLineTools/usr/bin

= User files collection ========================================================
Collecting user files from Vogsphere
Repository URL: auto-exam/2019/c-exam-alone-in-the-dark-beginner/practice-exam_20190902/evjohnst2

= Git history ==================================================================
$> git -C /var/folders/q2/zqfmdjf92pn4s92pccsg6kjc0000gp/T/tmpfyqie2/user log --pretty='%H - %an, %ad : %s'
e4ffa11c50ee329f5a93634fa7cd0e4f49fe6d17 - Evan Johnston, Sun Sep 1 18:50:06 2019 -0700 : .
8332447b76377926ae1dc6676c1f6ac26a2833c0 - Evan Johnston, Sun Sep 1 18:41:59 2019 -0700 : .
9e551f9d3a713ce7a9468e9b9d0340256fefb289 - Evan Johnston, Sun Sep 1 18:41:45 2019 -0700 : .
 
= Collected files ==========================================
$> ls -lAR /var/folders/q2/zqfmdjf92pn4s92pccsg6kjc0000gp/T/tmpfyqie2/user
total 8
-rw-r--r--  1 deepthought  deepthought  636 Sep  1 18:51 __GIT_HISTORY
drwxr-xr-x  3 deepthought  deepthought  102 Sep  1 18:51 aff_z
drwxr-xr-x  3 deepthought  deepthought  102 Sep  1 18:51 ft_strlen
drwxr-xr-x  3 deepthought  deepthought  102 Sep  1 18:51 reverse_bits

/var/folders/q2/zqfmdjf92pn4s92pccsg6kjc0000gp/T/tmpfyqie2/user/aff_z:
total 8
-rw-r--r--  1 deepthought  deepthought  107 Sep  1 18:51 aff_z.c

/var/folders/q2/zqfmdjf92pn4s92pccsg6kjc0000gp/T/tmpfyqie2/user/ft_strlen:
total 8
-rw-r--r--  1 deepthought  deepthought  118 Sep  1 18:51 ft_strlen.c

/var/folders/q2/zqfmdjf92pn4s92pccsg6kjc0000gp/T/tmpfyqie2/user/reverse_bits:
total 8
-rw-r--r--  1 deepthought  deepthought  393 Sep  1 18:51 reverse_bits.c
 
= reverse_bits =================================================================
$> gcc -Wextra -Wall -Werror main.c reverse_bits.c -o user_exe 

= Test 1 ===================================================
$> ./fdbi5i35hesycexxiqaubcio
$> diff -U 3 user_output_test1 test1.output | cat -e

Diff OK :D
Grade: 1

= Final grade: 1 ===============================================================
