= Host-specific information ====================================================
$> hostname; uname -msr
e1z2r8p23.42.us.org
Darwin 17.4.0 x86_64
$> date
Mon Sep  2 11:03:31 PDT 2019
$> gcc --version
Configured with: --prefix=/Library/Developer/CommandLineTools/usr --with-gxx-include-dir=/usr/include/c++/4.2.1
Apple LLVM version 9.0.0 (clang-900.0.39.2)
Target: x86_64-apple-darwin17.4.0
Thread model: posix
InstalledDir: /Library/Developer/CommandLineTools/usr/bin
$> clang --version
Apple LLVM version 9.0.0 (clang-900.0.39.2)
Target: x86_64-apple-darwin17.4.0
Thread model: posix
InstalledDir: /Library/Developer/CommandLineTools/usr/bin

= User files collection ========================================================
Collecting user files from Vogsphere
Repository URL: auto-exam/2019/c-exam-alone-in-the-dark-beginner/practice-exam_20190902/evjohnst9

= Git history ==================================================================
$> git -C /var/folders/l3/qy7_q6z14p520c3bnz6nj2500000gp/T/tmpgcSwFx/user log --pretty='%H - %an, %ad : %s'
a7a2b684b1b40da50cba3421b8b736b2c3d3b6b6 - Evan Johnston, Mon Sep 2 11:01:40 2019 -0700 : .
119de4e841d270719eaabfa7a41c9198c2a33964 - Evan Johnston, Mon Sep 2 10:55:33 2019 -0700 : .
c9869a20d067551431923ecac5db90a60c0057ca - Evan Johnston, Mon Sep 2 10:53:33 2019 -0700 : .
c2983c2dce36be65336a352aaba33a2f967722ae - Evan Johnston, Mon Sep 2 10:53:31 2019 -0700 : .
be45a12bc55cc0575df512a8aa4b10a9d5319bfc - Evan Johnston, Mon Sep 2 10:53:19 2019 -0700 : .
 
= Collected files ==========================================
$> ls -lAR /var/folders/l3/qy7_q6z14p520c3bnz6nj2500000gp/T/tmpgcSwFx/user
total 8
-rw-r--r--  1 deepthought  deepthought  1133 Sep  2 11:03 __GIT_HISTORY
drwxr-xr-x  3 deepthought  deepthought   102 Sep  2 11:03 ft_print_numbers
drwxr-xr-x  3 deepthought  deepthought   102 Sep  2 11:03 rot_13
drwxr-xr-x  3 deepthought  deepthought   102 Sep  2 11:03 snake_to_camel

/var/folders/l3/qy7_q6z14p520c3bnz6nj2500000gp/T/tmpgcSwFx/user/ft_print_numbers:
total 8
-rw-r--r--  1 deepthought  deepthought  231 Sep  2 11:03 ft_print_numbers.c

/var/folders/l3/qy7_q6z14p520c3bnz6nj2500000gp/T/tmpgcSwFx/user/rot_13:
total 8
-rw-r--r--  1 deepthought  deepthought  472 Sep  2 11:03 rot_13.c

/var/folders/l3/qy7_q6z14p520c3bnz6nj2500000gp/T/tmpgcSwFx/user/snake_to_camel:
total 8
-rw-r--r--  1 deepthought  deepthought  326 Sep  2 11:03 snake_to_camel.c
 
= snake_to_camel ===============================================================
$> gcc -Wextra -Wall -Werror snake_to_camel.c -o user_exe 

= Test 1 ===================================================
$> ./51erwv1bxb56igkw9wzohovy ""
$> diff -U 3 user_output_test1 test1.output | cat -e

Diff OK :D
= Test 2 ===================================================
$> ./maf32vqmw1b79hm7gkn8hnt5 eftjykadrizwh_hqikjtvrbzsc_fnraudlw_igjbctyfdok_mnrtuoavzfdjglhp
$> diff -U 3 user_output_test2 test2.output | cat -e

Diff OK :D
= Test 3 ===================================================
$> ./9gvhonkkjrrbryovexd9zbq7 woayu_xepd_rbangxqoczyv_qwxd_ijvahlrkfd_gvtmfahzbqxceksrn_mehlwxacngvusqib
$> diff -U 3 user_output_test3 test3.output | cat -e

Diff OK :D
= Test 4 ===================================================
$> ./2l6ow0fi6bcuk7xfwxu9qtu5 etslkd_gkvxqeifbp_kezidcfh_jyzrpebmlcwidnstf_oxeirctnkgbv_jnhkdclofpv_vnesfouxtyphjbdkl_wcnvhbt_crdwfpuha_shdovakqugzm
$> diff -U 3 user_output_test4 test4.output | cat -e

Diff OK :D
= Test 5 ===================================================
$> ./wxr22p5wzeh87xw246b10mqz begrmwvshxioz_pgqfultsjkhbn_syterofkai_gxqupvmanhi_mor_vtjdrklws_zkgayqtrhfebc_ocn_xhgdoczsmyvkf_ncljroaq_rimj
$> diff -U 3 user_output_test5 test5.output | cat -e

Diff OK :D
= Test 6 ===================================================
$> ./wm3qcvuoywjo1xsbi9qbfs0j uhvslgrmixeykanz_olaydbfvkugnh_jmvzey_djip_bjcvsw_unwkjpaszhmy
$> diff -U 3 user_output_test6 test6.output | cat -e

Diff OK :D
= Test 7 ===================================================
$> ./a9k0x050747ztm1k34fwp1hp yqgetxkumsvdcb_soxqpyrwmjciga_unz_nrdljzucgyhw_bkmupwxojrincz_rohifgqbamyvzwxle_snkrqvxgwfh_rkbomaytvlf_pteozlkqmivgwchjx_ecbzi_nejiwrxkl
$> diff -U 3 user_output_test7 test7.output | cat -e

Diff OK :D
= Test 8 ===================================================
$> ./7frynvu9s52wdzmhf901bhtg tdl_fwq_dnposrfv_ibjk_usahierqn_jpitbqhwlaeozrkgs_gdseo_sqrcujylotpedbz_vxluaincrwoedsqyk_hstqf_tncdramihjpe_iemk_kqosmgvhld_nocpf
$> diff -U 3 user_output_test8 test8.output | cat -e

Diff OK :D
= Test 9 ===================================================
$> ./v1names7uerg1wmh0nxfvy8b cgqs_akzmie_hconpftuimrzjyalx_ugtjxmo_ynd_vcoeyrdgkils_rponfc
$> diff -U 3 user_output_test9 test9.output | cat -e

Diff OK :D
= Test 10 ==================================================
$> ./znii2jva3zj3ptokymhrja9f ejulfi_zjomysqtclwh_gzmaipw_jofsqzlanebvuwtc_knabzofdhiy
$> diff -U 3 user_output_test10 test10.output | cat -e

Diff OK :D
Grade: 1

= Final grade: 1 ===============================================================
